<?xml version="1.0" encoding="UTF-8"?>
<!-- Generated by org.testng.reporters.JUnitXMLReporter -->
<testsuite ignored="15" hostname="DESKTOP-UOE8LFL" failures="0" tests="1" name="Test" time="58.697" errors="0" timestamp="2024-06-03T21:21:45 IST">
  <testcase classname="commonMethods.Testcases" name="@AfterMethod Teardown" time="0.009">
    <failure type="org.openqa.selenium.NoSuchSessionException" message="Session ID is null. Using WebDriver after calling quit()?
Build info: version: &amp;apos;3.10.0&amp;apos;, revision: &amp;apos;176b4a9&amp;apos;, time: &amp;apos;2018-03-02T19:03:16.397Z&amp;apos;
System info: host: &amp;apos;DESKTOP-UOE8LFL&amp;apos;, ip: &amp;apos;192.168.0.218&amp;apos;, os.name: &amp;apos;Windows 10&amp;apos;, os.arch: &amp;apos;amd64&amp;apos;, os.version: &amp;apos;10.0&amp;apos;, java.version: &amp;apos;17.0.11&amp;apos;
Driver info: driver.version: RemoteWebDriver">
      <![CDATA[org.openqa.selenium.NoSuchSessionException: Session ID is null. Using WebDriver after calling quit()?
Build info: version: '3.10.0', revision: '176b4a9', time: '2018-03-02T19:03:16.397Z'
System info: host: 'DESKTOP-UOE8LFL', ip: '192.168.0.218', os.name: 'Windows 10', os.arch: 'amd64', os.version: '10.0', java.version: '17.0.11'
Driver info: driver.version: RemoteWebDriver
at org.openqa.selenium.remote.HttpCommandExecutor.execute(HttpCommandExecutor.java:127)
at org.openqa.selenium.remote.service.DriverCommandExecutor.execute(DriverCommandExecutor.java:83)
at org.openqa.selenium.remote.RemoteWebDriver.execute(RemoteWebDriver.java:601)
at org.openqa.selenium.remote.RemoteWebDriver.execute(RemoteWebDriver.java:658)
at org.openqa.selenium.remote.RemoteWebDriver.getScreenshotAs(RemoteWebDriver.java:343)
at atu.testng.reports.ATUReports.base64(ATUReports.java:550)
at atu.testng.reports.ATUReports.teardown(ATUReports.java:515)
at commonMethods.Testcases.Teardown(Testcases.java:120)
at java.base/java.util.ArrayList.forEach(ArrayList.java:1511)
... Removed 32 stack frames]]>
    </failure>
  </testcase> <!-- @AfterMethod Teardown -->
  <testcase classname="commonMethods.Testcases" name="TC_Service_Creation_SC01" time="58.151"/>
  <testcase classname="commonMethods.Testcases" name="TC_Long_Term_Creation_LT04" time="0.0">
    <ignored/>
  </testcase> <!-- TC_Long_Term_Creation_LT04 -->
  <testcase classname="commonMethods.Testcases" name="Proforma_Service_Creation_PC05" time="0.0">
    <ignored/>
  </testcase> <!-- Proforma_Service_Creation_PC05 -->
  <testcase classname="commonMethods.Testcases" name="TC_Service_Creation_SC04" time="0.0">
    <ignored/>
  </testcase> <!-- TC_Service_Creation_SC04 -->
  <testcase classname="commonMethods.Testcases" name="TC_Proforma_Service_Creation_PC03" time="0.0">
    <ignored/>
  </testcase> <!-- TC_Proforma_Service_Creation_PC03 -->
  <testcase classname="commonMethods.Testcases" name="TC_Proforma_Service_Creation_PC02" time="0.0">
    <ignored/>
  </testcase> <!-- TC_Proforma_Service_Creation_PC02 -->
  <testcase classname="commonMethods.Testcases" name="TC_Proforma_Service_Creation_PC04" time="0.0">
    <ignored/>
  </testcase> <!-- TC_Proforma_Service_Creation_PC04 -->
  <testcase classname="commonMethods.Testcases" name="TC_Proforma_Service_Creation_PC01" time="0.0">
    <ignored/>
  </testcase> <!-- TC_Proforma_Service_Creation_PC01 -->
  <testcase classname="commonMethods.Testcases" name="TC_Service_Creation_SC07" time="0.0">
    <ignored/>
  </testcase> <!-- TC_Service_Creation_SC07 -->
  <testcase classname="commonMethods.Testcases" name="TC_Service_Creation_SC06" time="0.0">
    <ignored/>
  </testcase> <!-- TC_Service_Creation_SC06 -->
  <testcase classname="commonMethods.Testcases" name="TC_Service_Creation_SC03" time="0.0">
    <ignored/>
  </testcase> <!-- TC_Service_Creation_SC03 -->
  <testcase classname="commonMethods.Testcases" name="Proforma_Service_Creation_PC08" time="0.0">
    <ignored/>
  </testcase> <!-- Proforma_Service_Creation_PC08 -->
  <testcase classname="commonMethods.Testcases" name="TC_Service_Creation_SC02" time="0.0">
    <ignored/>
  </testcase> <!-- TC_Service_Creation_SC02 -->
  <testcase classname="commonMethods.Testcases" name="TC_Service_Creation_SC05" time="0.0">
    <ignored/>
  </testcase> <!-- TC_Service_Creation_SC05 -->
  <testcase classname="commonMethods.Testcases" name="TC_Proforma_Service_Creation_PC09" time="0.0">
    <ignored/>
  </testcase> <!-- TC_Proforma_Service_Creation_PC09 -->
  <testcase classname="commonMethods.Testcases" name="Proforma_Service_Creation_PC07" time="0.0">
    <ignored/>
  </testcase> <!-- Proforma_Service_Creation_PC07 -->
</testsuite> <!-- Test -->
